[    0.000000] Initializing cgroup subsys cpuset
[    0.000000] Initializing cgroup subsys cpu
[    0.000000] Initializing cgroup subsys cpuacct
[    0.000000] Linux version 4.4.0-157-generic (buildd@lgw01-amd64-037) (gcc version 5.4.0 20160609 (Ubuntu 5.4.0-6ubuntu1~16.04.10) ) #185-Ubuntu SMP Tue Jul 23 09:17:01 UTC 2019 (Ubuntu 4.4.0-157.185-generic 4.4.181)
[    0.000000] Command line: BOOT_IMAGE=/boot/vmlinuz-4.4.0-157-generic root=LABEL=cloudimg-rootfs ro console=tty1 console=ttyS0
[    0.000000] KERNEL supported cpus:
[    0.000000]   Intel GenuineIntel
[    0.000000]   AMD AuthenticAMD
[    0.000000]   Centaur CentaurHauls
[    0.000000] ------------[ cut here ]------------
[    0.000000] WARNING: CPU: 0 PID: 0 at /build/linux-TSOhpZ/linux-4.4.0/arch/x86/kernel/fpu/xstate.c:517 fpu__init_system_xstate+0x37e/0x764()
[    0.000000] XSAVE consistency problem, dumping leaves
[    0.000000] Modules linked in:
[    0.000000] CPU: 0 PID: 0 Comm: swapper Not tainted 4.4.0-157-generic #185-Ubuntu
[    0.000000]  0000000000000086 2907e5383a0f33b6 ffffffff81e03d70 ffffffff8140c9a1
[    0.000000]  ffffffff81e03db8 ffffffff81cb3358 ffffffff81e03da8 ffffffff810864d2
[    0.000000]  0000000000000008 0000000000000340 0000000000000100 ffffffff81e03e3c
[    0.000000] Call Trace:
[    0.000000]  [<ffffffff8140c9a1>] dump_stack+0x63/0x82
[    0.000000]  [<ffffffff810864d2>] warn_slowpath_common+0x82/0xc0
[    0.000000]  [<ffffffff8108656c>] warn_slowpath_fmt+0x5c/0x80
[    0.000000]  [<ffffffff81081f94>] ? xfeature_size+0x59/0x77
[    0.000000]  [<ffffffff81f78325>] fpu__init_system_xstate+0x37e/0x764
[    0.000000]  [<ffffffff81f68120>] ? early_idt_handler_array+0x120/0x120
[    0.000000]  [<ffffffff81f77d2e>] fpu__init_system+0x1e7/0x28e
[    0.000000]  [<ffffffff81f78f7c>] early_cpu_init+0x258/0x25e
[    0.000000]  [<ffffffff81f78f7c>] ? early_cpu_init+0x258/0x25e
[    0.000000]  [<ffffffff81f742d1>] setup_arch+0xc0/0xd1f
[    0.000000]  [<ffffffff81f68120>] ? early_idt_handler_array+0x120/0x120
[    0.000000]  [<ffffffff81f68c75>] start_kernel+0xe2/0x4a4
[    0.000000]  [<ffffffff81f68120>] ? early_idt_handler_array+0x120/0x120
[    0.000000]  [<ffffffff81f68339>] x86_64_start_reservations+0x2a/0x2c
[    0.000000]  [<ffffffff81f68485>] x86_64_start_kernel+0x14a/0x16d
[    0.000000] ---[ end trace 4d5ff9f2f68c4233 ]---
[    0.000000] CPUID[0d, 00]: eax=00000007 ebx=00000440 ecx=00000440 edx=00000000
[    0.000000] CPUID[0d, 01]: eax=00000000 ebx=00000440 ecx=00000000 edx=00000000
[    0.000000] CPUID[0d, 02]: eax=00000100 ebx=00000240 ecx=00000000 edx=00000000
[    0.000000] CPUID[0d, 03]: eax=00000000 ebx=00000000 ecx=00000000 edx=00000000
[    0.000000] CPUID[0d, 04]: eax=00000000 ebx=00000000 ecx=00000000 edx=00000000
[    0.000000] CPUID[0d, 05]: eax=00000000 ebx=00000000 ecx=00000000 edx=00000000
[    0.000000] CPUID[0d, 06]: eax=00000000 ebx=00000000 ecx=00000000 edx=00000000
[    0.000000] CPUID[0d, 07]: eax=00000000 ebx=00000000 ecx=00000000 edx=00000000
[    0.000000] CPUID[0d, 08]: eax=00000000 ebx=00000000 ecx=00000000 edx=00000000
[    0.000000] CPUID[0d, 09]: eax=00000000 ebx=00000000 ecx=00000000 edx=00000000
[    0.000000] CPUID[0d, 0a]: eax=00000000 ebx=00000000 ecx=00000000 edx=00000000
[    0.000000] CPUID[0d, 0b]: eax=00000000 ebx=00000000 ecx=00000000 edx=00000000
[    0.000000] CPUID[0d, 0c]: eax=00000000 ebx=00000000 ecx=00000000 edx=00000000
[    0.000000] CPUID[0d, 0d]: eax=00000000 ebx=00000000 ecx=00000000 edx=00000000
[    0.000000] CPUID[0d, 0e]: eax=00000000 ebx=00000000 ecx=00000000 edx=00000000
[    0.000000] CPUID[0d, 0f]: eax=00000000 ebx=00000000 ecx=00000000 edx=00000000
[    0.000000] CPUID[0d, 10]: eax=00000000 ebx=00000000 ecx=00000000 edx=00000000
[    0.000000] CPUID[0d, 11]: eax=00000000 ebx=00000000 ecx=00000000 edx=00000000
[    0.000000] x86/fpu: xstate_offset[2]:  576, xstate_sizes[2]:  256
[    0.000000] x86/fpu: Supporting XSAVE feature 0x01: 'x87 floating point registers'
[    0.000000] x86/fpu: Supporting XSAVE feature 0x02: 'SSE registers'
[    0.000000] x86/fpu: Supporting XSAVE feature 0x04: 'AVX registers'
[    0.000000] x86/fpu: Enabled xstate features 0x7, context size is 1088 bytes, using 'standard' format.
[    0.000000] e820: BIOS-provided physical RAM map:
[    0.000000] BIOS-e820: [mem 0x0000000000000000-0x000000000009fbff] usable
[    0.000000] BIOS-e820: [mem 0x000000000009fc00-0x000000000009ffff] reserved
[    0.000000] BIOS-e820: [mem 0x00000000000f0000-0x00000000000fffff] reserved
[    0.000000] BIOS-e820: [mem 0x0000000000100000-0x000000003ffeffff] usable
[    0.000000] BIOS-e820: [mem 0x000000003fff0000-0x000000003fffffff] ACPI data
[    0.000000] BIOS-e820: [mem 0x00000000fec00000-0x00000000fec00fff] reserved
[    0.000000] BIOS-e820: [mem 0x00000000fee00000-0x00000000fee00fff] reserved
[    0.000000] BIOS-e820: [mem 0x00000000fffc0000-0x00000000ffffffff] reserved
[    0.000000] NX (Execute Disable) protection: active
[    0.000000] SMBIOS 2.5 present.
[    0.000000] Hypervisor detected: KVM
[    0.000000] e820: last_pfn = 0x3fff0 max_arch_pfn = 0x400000000
[    0.000000] MTRR: Disabled
[    0.000000] x86/PAT: MTRRs disabled, skipping PAT initialization too.
[    0.000000] CPU MTRRs all blank - virtualized system.
[    0.000000] x86/PAT: Configuration [0-7]: WB  WT  UC- UC  WB  WT  UC- UC  
[    0.000000] found SMP MP-table at [mem 0x0009fff0-0x0009ffff] mapped at [ffff88000009fff0]
[    0.000000] Scanning 1 areas for low memory corruption
[    0.000000] RAMDISK: [mem 0x362fc000-0x37175fff]
[    0.000000] ACPI: Early table checksum verification disabled
[    0.000000] ACPI: RSDP 0x00000000000E0000 000024 (v02 VBOX  )
[    0.000000] ACPI: XSDT 0x000000003FFF0030 00003C (v01 VBOX   VBOXXSDT 00000001 ASL  00000061)
[    0.000000] ACPI: FACP 0x000000003FFF00F0 0000F4 (v04 VBOX   VBOXFACP 00000001 ASL  00000061)
[    0.000000] ACPI: DSDT 0x000000003FFF0470 0021FF (v02 VBOX   VBOXBIOS 00000002 INTL 20100528)
[    0.000000] ACPI: FACS 0x000000003FFF0200 000040
[    0.000000] ACPI: FACS 0x000000003FFF0200 000040
[    0.000000] ACPI: APIC 0x000000003FFF0240 00005C (v02 VBOX   VBOXAPIC 00000001 ASL  00000061)
[    0.000000] ACPI: SSDT 0x000000003FFF02A0 0001CC (v01 VBOX   VBOXCPUT 00000002 INTL 20100528)
[    0.000000] No NUMA configuration found
[    0.000000] Faking a node at [mem 0x0000000000000000-0x000000003ffeffff]
[    0.000000] NODE_DATA(0) allocated [mem 0x3ffeb000-0x3ffeffff]
[    0.000000] kvm-clock: Using msrs 4b564d01 and 4b564d00
[    0.000000] kvm-clock: cpu 0, msr 0:3ffe3001, primary cpu clock
[    0.000000] kvm-clock: using sched offset of 3854050709 cycles
[    0.000000] clocksource: kvm-clock: mask: 0xffffffffffffffff max_cycles: 0x1cd42e4dffb, max_idle_ns: 881590591483 ns
[    0.000000] Zone ranges:
[    0.000000]   DMA      [mem 0x0000000000001000-0x0000000000ffffff]
[    0.000000]   DMA32    [mem 0x0000000001000000-0x000000003ffeffff]
[    0.000000]   Normal   empty
[    0.000000]   Device   empty
[    0.000000] Movable zone start for each node
[    0.000000] Early memory node ranges
[    0.000000]   node   0: [mem 0x0000000000001000-0x000000000009efff]
[    0.000000]   node   0: [mem 0x0000000000100000-0x000000003ffeffff]
[    0.000000] Initmem setup node 0 [mem 0x0000000000001000-0x000000003ffeffff]
[    0.000000] ACPI: PM-Timer IO Port: 0x4008
[    0.000000] IOAPIC[0]: apic_id 2, version 32, address 0xfec00000, GSI 0-23
[    0.000000] ACPI: INT_SRC_OVR (bus 0 bus_irq 0 global_irq 2 dfl dfl)
[    0.000000] ACPI: INT_SRC_OVR (bus 0 bus_irq 9 global_irq 9 high level)
[    0.000000] Using ACPI (MADT) for SMP configuration information
[    0.000000] smpboot: Allowing 2 CPUs, 0 hotplug CPUs
[    0.000000] PM: Registered nosave memory: [mem 0x00000000-0x00000fff]
[    0.000000] PM: Registered nosave memory: [mem 0x0009f000-0x0009ffff]
[    0.000000] PM: Registered nosave memory: [mem 0x000a0000-0x000effff]
[    0.000000] PM: Registered nosave memory: [mem 0x000f0000-0x000fffff]
[    0.000000] e820: [mem 0x40000000-0xfebfffff] available for PCI devices
[    0.000000] Booting paravirtualized kernel on KVM
[    0.000000] clocksource: refined-jiffies: mask: 0xffffffff max_cycles: 0xffffffff, max_idle_ns: 7645519600211568 ns
[    0.000000] setup_percpu: NR_CPUS:512 nr_cpumask_bits:512 nr_cpu_ids:2 nr_node_ids:1
[    0.000000] PERCPU: Embedded 34 pages/cpu @ffff88003fc00000 s99544 r8192 d31528 u1048576
[    0.000000] Built 1 zonelists in Node order, mobility grouping on.  Total pages: 257912
[    0.000000] Policy zone: DMA32
[    0.000000] Kernel command line: BOOT_IMAGE=/boot/vmlinuz-4.4.0-157-generic root=LABEL=cloudimg-rootfs ro console=tty1 console=ttyS0
[    0.000000] PID hash table entries: 4096 (order: 3, 32768 bytes)
[    0.000000] Memory: 997736K/1048120K available (8618K kernel code, 1335K rwdata, 4032K rodata, 1484K init, 1284K bss, 50384K reserved, 0K cma-reserved)
[    0.000000] SLUB: HWalign=64, Order=0-3, MinObjects=0, CPUs=2, Nodes=1
[    0.000000] Kernel/User page tables isolation: enabled
[    0.000000] Hierarchical RCU implementation.
[    0.000000] 	Build-time adjustment of leaf fanout to 64.
[    0.000000] 	RCU restricting CPUs from NR_CPUS=512 to nr_cpu_ids=2.
[    0.000000] RCU: Adjusting geometry for rcu_fanout_leaf=64, nr_cpu_ids=2
[    0.000000] NR_IRQS:33024 nr_irqs:440 16
[    0.000000] Console: colour VGA+ 80x25
[    0.000000] console [tty1] enabled
[    0.000000] console [ttyS0] enabled
[    0.000000] tsc: Detected 2712.000 MHz processor
[    7.689496] Calibrating delay loop (skipped) preset value.. 5424.00 BogoMIPS (lpj=10848000)
[    7.692852] pid_max: default: 32768 minimum: 301
[    7.694604] ACPI: Core revision 20150930
[    7.698398] ACPI: 2 ACPI AML tables successfully acquired and loaded
[    7.794943] Security Framework initialized
[    7.849459] Yama: becoming mindful.
[    7.902172] AppArmor: AppArmor initialized
[    7.953996] Dentry cache hash table entries: 131072 (order: 8, 1048576 bytes)
[    8.051988] Inode-cache hash table entries: 65536 (order: 7, 524288 bytes)
[    8.165903] Mount-cache hash table entries: 2048 (order: 2, 16384 bytes)
[    8.266364] Mountpoint-cache hash table entries: 2048 (order: 2, 16384 bytes)
[    8.324901] Initializing cgroup subsys io
[    8.370011] Initializing cgroup subsys memory
[    8.394879] Initializing cgroup subsys devices
[    8.415758] Initializing cgroup subsys freezer
[    8.433716] Initializing cgroup subsys net_cls
[    8.461425] Initializing cgroup subsys perf_event
[    8.548269] Initializing cgroup subsys net_prio
[    8.598137] Initializing cgroup subsys hugetlb
[    8.676212] Initializing cgroup subsys pids
[    8.739701] mce: CPU supports 0 MCE banks
[    8.784079] Last level iTLB entries: 4KB 64, 2MB 8, 4MB 8
[    8.845026] Last level dTLB entries: 4KB 64, 2MB 0, 4MB 0, 1GB 4
[    8.933952] Spectre V2 : Mitigation: Full generic retpoline
[    9.001660] Spectre V2 : Spectre v2 / SpectreRSB mitigation: Filling RSB on context switch
[    9.025972] Speculative Store Bypass: Vulnerable
[    9.101652] MDS: Vulnerable: Clear CPU buffers attempted, no microcode
[    9.157844] Freeing SMP alternatives memory: 36K
[    9.223202] ftrace: allocating 32312 entries in 127 pages
[    9.343333] smpboot: APIC(0) Converting physical 0 to logical package 0
[    9.434129] smpboot: Max logical packages: 1
[    9.465286] x2apic enabled
[    9.467241] Switched APIC routing to physical x2apic.
[    9.472135] ..TIMER: vector=0x30 apic1=0 pin1=2 apic2=-1 pin2=-1
[    9.615311] smpboot: CPU0: Intel(R) Core(TM) i5-7200U CPU @ 2.50GHz (family: 0x6, model: 0x8e, stepping: 0x9)
[    9.772183] Performance Events: unsupported p6 CPU model 142 no PMU driver, software events only.
[    9.784553] KVM setup paravirtual spinlock
[    9.845897] x86: Booting SMP configuration:
[    9.855819] .... node  #0, CPUs:      #1
[    9.857432] kvm-clock: cpu 1, msr 0:3ffe3041, secondary cpu clock
[    9.862728] mce: CPU supports 0 MCE banks
[    9.867164] x86: Booted up 1 node, 2 CPUs
[    9.889718] smpboot: Total of 2 processors activated (10848.00 BogoMIPS)
[    9.939783] devtmpfs: initialized
[    9.969919] evm: security.selinux
[   10.019858] evm: security.SMACK64
[   10.025337] evm: security.SMACK64EXEC
[   10.026652] evm: security.SMACK64TRANSMUTE
[   10.062872] evm: security.SMACK64MMAP
[   10.104429] evm: security.ima
[   10.140848] evm: security.capability
[   10.190939] clocksource: jiffies: mask: 0xffffffff max_cycles: 0xffffffff, max_idle_ns: 7645041785100000 ns
[   10.364955] futex hash table entries: 512 (order: 3, 32768 bytes)
[   10.461784] pinctrl core: initialized pinctrl subsystem
[   10.538356] RTC time: 15:04:39, date: 08/15/19
[   10.551353] NET: Registered protocol family 16
[   10.568812] cpuidle: using governor ladder
[   10.644122] cpuidle: using governor menu
[   10.727481] PCCT header not found.
[   10.769719] ACPI: bus type PCI registered
[   10.838728] acpiphp: ACPI Hot Plug PCI Controller Driver version: 0.5
[   10.938502] PCI: Using configuration type 1 for base access
[   10.996131] ACPI: Added _OSI(Module Device)
[   11.008341] ACPI: Added _OSI(Processor Device)
[   11.028308] ACPI: Added _OSI(3.0 _SCP Extensions)
[   11.031264] ACPI: Added _OSI(Processor Aggregator Device)
[   11.056378] ACPI: Executed 1 blocks of module-level executable AML code
[   11.066978] ACPI: Interpreter enabled
[   11.111035] ACPI: (supports S0 S5)
[   11.152964] ACPI: Using IOAPIC for interrupt routing
[   11.210566] PCI: Using host bridge windows from ACPI; if necessary, use "pci=nocrs" and report a bug
[   11.340148] ACPI: PCI Root Bridge [PCI0] (domain 0000 [bus 00-ff])
[   11.448543] acpi PNP0A03:00: _OSC: OS supports [ASPM ClockPM Segments MSI]
[   11.526019] acpi PNP0A03:00: _OSC: not requesting OS control; OS requires [ExtendedConfig ASPM ClockPM MSI]
[   11.591151] acpi PNP0A03:00: fail to add MMCONFIG information, can't access extended PCI configuration space under this bridge.
[   11.623526] PCI host bridge to bus 0000:00
[   11.666525] pci_bus 0000:00: root bus resource [io  0x0000-0x0cf7 window]
[   11.695889] pci_bus 0000:00: root bus resource [io  0x0d00-0xffff window]
[   11.743813] pci_bus 0000:00: root bus resource [mem 0x000a0000-0x000bffff window]
[   11.747904] pci_bus 0000:00: root bus resource [mem 0x40000000-0xffdfffff window]
[   11.760632] pci_bus 0000:00: root bus resource [bus 00-ff]
[   11.777930] pci 0000:00:01.1: legacy IDE quirk: reg 0x10: [io  0x01f0-0x01f7]
[   11.837269] pci 0000:00:01.1: legacy IDE quirk: reg 0x14: [io  0x03f6]
[   11.950489] pci 0000:00:01.1: legacy IDE quirk: reg 0x18: [io  0x0170-0x0177]
[   12.057875] pci 0000:00:01.1: legacy IDE quirk: reg 0x1c: [io  0x0376]
[   12.151065] pci 0000:00:07.0: quirk: [io  0x4000-0x403f] claimed by PIIX4 ACPI
[   12.186484] pci 0000:00:07.0: quirk: [io  0x4100-0x410f] claimed by PIIX4 SMB
[   12.210993] ACPI: PCI Interrupt Link [LNKA] (IRQs 5 9 10 *11)
[   12.246305] ACPI: PCI Interrupt Link [LNKB] (IRQs 5 9 10 *11)
[   12.321255] ACPI: PCI Interrupt Link [LNKC] (IRQs 5 9 *10 11)
[   12.407382] ACPI: PCI Interrupt Link [LNKD] (IRQs 5 *9 10 11)
[   12.486413] ACPI: Enabled 2 GPEs in block 00 to 07
[   12.549981] vgaarb: setting as boot device: PCI:0000:00:02.0
[   12.649269] vgaarb: device added: PCI:0000:00:02.0,decodes=io+mem,owns=io+mem,locks=none
[   12.731661] vgaarb: loaded
[   12.763020] vgaarb: bridge control possible 0000:00:02.0
[   12.790322] SCSI subsystem initialized
[   12.802904] ACPI: bus type USB registered
[   12.822840] usbcore: registered new interface driver usbfs
[   12.853608] usbcore: registered new interface driver hub
[   12.936258] usbcore: registered new device driver usb
[   13.003924] PCI: Using ACPI for IRQ routing
[   13.051735] NetLabel: Initializing
[   13.108698] NetLabel:  domain hash size = 128
[   13.179197] NetLabel:  protocols = UNLABELED CIPSOv4
[   13.262633] NetLabel:  unlabeled traffic allowed by default
[   13.297502] amd_nb: Cannot enumerate AMD northbridges
[   13.329327] clocksource: Switched to clocksource kvm-clock
[   13.366350] AppArmor: AppArmor Filesystem Enabled
[   13.387204] pnp: PnP ACPI init
[   13.455964] pnp: PnP ACPI: found 3 devices
[   13.546892] clocksource: acpi_pm: mask: 0xffffff max_cycles: 0xffffff, max_idle_ns: 2085701024 ns
[   13.788821] NET: Registered protocol family 2
[   13.905808] TCP established hash table entries: 8192 (order: 4, 65536 bytes)
[   14.097820] TCP bind hash table entries: 8192 (order: 5, 131072 bytes)
[   14.142912] TCP: Hash tables configured (established 8192 bind 8192)
[   14.145250] UDP hash table entries: 512 (order: 2, 16384 bytes)
[   14.147495] UDP-Lite hash table entries: 512 (order: 2, 16384 bytes)
[   14.156031] NET: Registered protocol family 1
[   14.177755] pci 0000:00:00.0: Limiting direct PCI/PCI transfers
[   14.188651] pci 0000:00:01.0: Activating ISA DMA hang workarounds
[   14.191019] Unpacking initramfs...
[   14.661444] Freeing initrd memory: 14824K
[   14.722513] clocksource: tsc: mask: 0xffffffffffffffff max_cycles: 0x2717868ea45, max_idle_ns: 440795316085 ns
[   14.817217] platform rtc_cmos: registered platform RTC device (no PNP device found)
[   14.923966] Scanning for low memory corruption every 60 seconds
[   14.956507] audit: initializing netlink subsys (disabled)
[   14.958506] audit: type=2000 audit(1565881476.409:1): initialized
[   14.964829] Initialise system trusted keyring
[   14.982267] HugeTLB registered 2 MB page size, pre-allocated 0 pages
[   15.094729] zbud: loaded
[   15.156083] VFS: Disk quotas dquot_6.6.0
[   15.258267] VFS: Dquot-cache hash table entries: 512 (order 0, 4096 bytes)
[   15.328912] squashfs: version 4.0 (2009/01/31) Phillip Lougher
[   15.432141] fuse init (API version 7.23)
[   15.497557] Key type big_key registered
[   15.545716] Allocating IMA MOK and blacklist keyrings.
[   15.569976] Key type asymmetric registered
[   15.595071] Asymmetric key parser 'x509' registered
[   15.598062] Block layer SCSI generic (bsg) driver version 0.4 loaded (major 249)
[   15.651278] io scheduler noop registered
[   15.693735] io scheduler deadline registered (default)
[   15.703239] io scheduler cfq registered
[   15.704978] pci_hotplug: PCI Hot Plug PCI Core version: 0.5
[   15.707084] pciehp: PCI Express Hot Plug Controller Driver version: 0.4
[   15.812965] ACPI: AC Adapter [AC] (on-line)
[   15.874243] input: Power Button as /devices/LNXSYSTM:00/LNXPWRBN:00/input/input0
[   16.020052] ACPI: Power Button [PWRF]
[   16.064501] input: Sleep Button as /devices/LNXSYSTM:00/LNXSLPBN:00/input/input1
[   16.068087] ACPI: Sleep Button [SLPF]
[   16.071747] GHES: HEST is not enabled!
[   16.072588] ACPI: Battery Slot [BAT0] (battery present)
[   16.100141] Serial: 8250/16550 driver, 32 ports, IRQ sharing enabled
[   16.129380] 00:02: ttyS0 at I/O 0x3f8 (irq = 4, base_baud = 115200) is a 16550A
[   16.256304] Linux agpgart interface v0.103
[   16.315376] loop: module loaded
[   16.407715] scsi host0: ata_piix
[   16.509589] scsi host1: ata_piix
[   16.620763] ata1: PATA max UDMA/33 cmd 0x1f0 ctl 0x3f6 bmdma 0xd000 irq 14
[   16.697341] ata2: PATA max UDMA/33 cmd 0x170 ctl 0x376 bmdma 0xd008 irq 15
[   16.732390] libphy: Fixed MDIO Bus: probed
[   16.748270] tun: Universal TUN/TAP device driver, 1.6
[   16.751846] tun: (C) 1999-2004 Max Krasnyansky <maxk@qualcomm.com>
[   16.757870] PPP generic driver version 2.4.2
[   16.848282] ehci_hcd: USB 2.0 'Enhanced' Host Controller (EHCI) Driver
[   17.014527] ehci-pci: EHCI PCI platform driver
[   17.139099] ehci-platform: EHCI generic platform driver
[   17.144539] ohci_hcd: USB 1.1 'Open' Host Controller (OHCI) Driver
[   17.148165] ohci-pci: OHCI PCI platform driver
[   17.149856] ohci-platform: OHCI generic platform driver
[   17.151824] uhci_hcd: USB Universal Host Controller Interface driver
[   17.154200] i8042: PNP: PS/2 Controller [PNP0303:PS2K,PNP0f03:PS2M] at 0x60,0x64 irq 1,12
[   17.159874] serio: i8042 KBD port at 0x60,0x64 irq 1
[   17.166641] serio: i8042 AUX port at 0x60,0x64 irq 12
[   17.172134] mousedev: PS/2 mouse device common for all mice
[   17.195427] rtc_cmos rtc_cmos: rtc core: registered rtc_cmos as rtc0
[   17.197910] input: AT Translated Set 2 keyboard as /devices/platform/i8042/serio0/input/input2
[   17.205076] rtc_cmos rtc_cmos: alarms up to one day, 114 bytes nvram
[   17.222175] i2c /dev entries driver
[   17.243526] device-mapper: uevent: version 1.0.3
[   17.373458] device-mapper: ioctl: 4.34.0-ioctl (2015-10-28) initialised: dm-devel@redhat.com
[   17.445990] ledtrig-cpu: registered to indicate activity on CPUs
[   17.636032] NET: Registered protocol family 10
[   17.653571] NET: Registered protocol family 17
[   17.673953] Key type dns_resolver registered
[   17.693765] registered taskstats version 1
[   17.784364] Loading compiled-in X.509 certificates
[   17.789909] Loaded X.509 cert 'Build time autogenerated kernel key: 3e01e6df98386236d59670e6b2ed19a044d5324e'
[   17.824941] zswap: loaded using pool lzo/zbud
[   17.837876] Key type trusted registered
[   17.844410] Key type encrypted registered
[   17.851626] AppArmor: AppArmor sha1 policy hashing enabled
[   17.853616] ima: No TPM chip found, activating TPM-bypass!
[   17.855758] ima: Allocated hash algorithm: sha1
[   17.857510] evm: HMAC attrs: 0x1
[   17.859307]   Magic number: 15:243:83
[   17.862236] rtc_cmos rtc_cmos: setting system clock to 2019-08-15 15:04:46 UTC (1565881486)
[   17.865648] BIOS EDD facility v0.16 2004-Jun-25, 0 devices found
[   17.869625] EDD information not available.
[   17.872480] Freeing unused kernel memory: 1484K
[   17.890007] Write protecting the kernel read-only data: 14336k
[   17.894429] Freeing unused kernel memory: 1612K
[   17.897758] Freeing unused kernel memory: 64K
Loading, please [   17.912169] random: systemd-udevd: uninitialized urandom read (16 bytes read, 5 bits of entropy available)
wait...
startin[   17.912777] random: udevadm: uninitialized urandom read (16 bytes read, 5 bits of entropy available)
g version 229
[   17.912793] random: udevadm: uninitialized urandom read (16 bytes read, 5 bits of entropy available)
[   17.921461] random: udevadm: uninitialized urandom read (16 bytes read, 5 bits of entropy available)
[   17.921502] random: udevadm: uninitialized urandom read (16 bytes read, 5 bits of entropy available)
[   17.921643] random: udevadm: uninitialized urandom read (16 bytes read, 5 bits of entropy available)
[   17.921694] random: udevadm: uninitialized urandom read (16 bytes read, 5 bits of entropy available)
[   17.921743] random: udevadm: uninitialized urandom read (16 bytes read, 5 bits of entropy available)
[   17.921792] random: udevadm: uninitialized urandom read (16 bytes read, 5 bits of entropy available)
[   17.921840] random: udevadm: uninitialized urandom read (16 bytes read, 5 bits of entropy available)
[   18.402087] Fusion MPT base driver 3.04.20
[   18.424311] Copyright (c) 1999-2008 LSI Corporation
[   18.426760] e1000: Intel(R) PRO/1000 Network Driver - version 7.3.21-k8-NAPI
[   18.430386] e1000: Copyright (c) 1999-2006 Intel Corporation.
[   18.440712] AVX version of gcm_enc/dec engaged.
[   18.448839] AES CTR mode by8 optimization enabled
[   18.460213] Fusion MPT SPI Host driver 3.04.20
[   18.631036] input: ImExPS/2 Generic Explorer Mouse as /devices/platform/i8042/serio1/input/input4
[   18.891212] e1000 0000:00:03.0 eth0: (PCI:33MHz:32-bit) 02:f8:81:3a:50:13
[   18.940998] e1000 0000:00:03.0 eth0: Intel(R) PRO/1000 Network Connection
[   18.958250] mptbase: ioc0: Initiating bringup
[   19.042618] ioc0: LSI53C1030 A0: Capabilities={Initiator}
[   19.372174] scsi host2: ioc0: LSI53C1030 A0, FwRev=00000000h, Ports=1, MaxQ=256, IRQ=20
[   19.673528] scsi 2:0:0:0: Direct-Access     VBOX     HARDDISK         1.0  PQ: 0 ANSI: 5
[   19.828504] scsi target2:0:0: Beginning Domain Validation
[   19.935066] scsi target2:0:0: Domain Validation skipping write tests
[   19.987839] scsi target2:0:0: Ending Domain Validation
[   20.027302] scsi target2:0:0: asynchronous
[   20.029390] scsi 2:0:1:0: Direct-Access     VBOX     HARDDISK         1.0  PQ: 0 ANSI: 5
[   20.032631] scsi target2:0:1: Beginning Domain Validation
[   20.078981] scsi target2:0:1: Domain Validation skipping write tests
[   20.124837] scsi target2:0:1: Ending Domain Validation
[   20.161339] scsi target2:0:1: asynchronous
[   20.182366] sd 2:0:0:0: Attached scsi generic sg0 type 0
[   20.218014] sd 2:0:0:0: [sda] 20971520 512-byte logical blocks: (10.7 GB/10.0 GiB)
[   20.266623] sd 2:0:1:0: Attached scsi generic sg1 type 0
[   20.308123] e1000 0000:00:08.0 eth1: (PCI:33MHz:32-bit) 08:00:27:f3:aa:bc
[   20.308127] e1000 0000:00:08.0 eth1: Intel(R) PRO/1000 Network Connection
[   20.380891] e1000 0000:00:03.0 enp0s3: renamed from eth0
[   20.430564] sd 2:0:1:0: [sdb] 20480 512-byte logical blocks: (10.5 MB/10.0 MiB)
[   20.451156] sd 2:0:1:0: [sdb] Write Protect is off
[   20.459568] sd 2:0:0:0: [sda] Write Protect is off
[   20.462201] e1000 0000:00:08.0 enp0s8: renamed from eth1
[   20.463002] sd 2:0:1:0: [sdb] Incomplete mode parameter data
[   20.463004] sd 2:0:1:0: [sdb] Assuming drive cache: write through
[   20.536675] sd 2:0:0:0: [sda] Incomplete mode parameter data
[   20.536677] sd 2:0:0:0: [sda] Assuming drive cache: write through
[   20.835008]  sda: sda1
[   20.844513] sd 2:0:1:0: [sdb] Attached SCSI disk
[   20.897371] sd 2:0:0:0: [sda] Attached SCSI disk
Begin: Loading e[   22.535177] md: linear personality registered for level -1
ssential drivers[   22.615176] md: multipath personality registered for level -4
 ... [   22.646411] md: raid0 personality registered for level 0
[   22.655358] md: raid1 personality registered for level 1
[   22.746205] raid6: sse2x1   gen()  9074 MB/s
[   22.889711] raid6: sse2x1   xor()  7774 MB/s
[   23.057558] raid6: sse2x2   gen() 12906 MB/s
[   23.237673] raid6: sse2x2   xor()  8891 MB/s
[   23.405533] raid6: sse2x4   gen() 14548 MB/s
[   23.537412] raid6: sse2x4   xor()  7070 MB/s
[   23.562555] raid6: using algorithm sse2x4 gen() 14548 MB/s
[   23.576121] raid6: .... xor() 7070 MB/s, rmw enabled
[   23.626260] raid6: using ssse3x2 recovery algorithm
[   23.685245] xor: automatically using best checksumming function:
[   23.733924]    avx       : 20917.000 MB/sec
[   23.793975] async_tx: api initialized (async)
[   23.876448] md: raid6 personality registered for level 6
[   23.972688] md: raid5 personality registered for level 5
[   24.051755] md: raid4 personality registered for level 4
[   24.134249] md: raid10 personality registered for level 10
done.
Begin: Running /scripts/init-p[   24.250481] Btrfs loaded
remount ... done.
Begin: Mounting root file system ... Begin: Running /scripts/local-top ... do[   24.339122] EXT4-fs (sda1): mounted filesystem with ordered data mode. Opts: (null)
ne.
Begin: Running /scripts/local-premount ... Scanning for Btrfs filesystems
done.
Warning: fsck not present, so skipping root file system
done.
Begin: Running /scripts/local-bottom ... done.
Begin: Running /scripts/init-bottom ... done.
[   24.683926] systemd[1]: systemd 229 running in system mode. (+PAM +AUDIT +SELINUX +IMA +APPARMOR +SMACK +SYSVINIT +UTMP +LIBCRYPTSETUP +GCRYPT +GNUTLS +ACL +XZ -LZ4 +SECCOMP +BLKID +ELFUTILS +KMOD -IDN)
[   24.694573] systemd[1]: Detected virtualization oracle.
[   24.701280] systemd[1]: Detected architecture x86-64.

Welcome to [1mUbuntu 16.04.6 LTS[0m!

[   24.747127] systemd[1]: Set hostname to <ubuntu>.
[   24.787084] systemd[1]: Initializing machine ID from random generator.
[   24.791062] systemd[1]: Installed transient /etc/machine-id file.
[   24.943806] systemd[1]: Listening on Journal Audit Socket.
[[0;32m  OK  [0m] Listening on Journal Audit Socket.
[   25.114219] systemd[1]: Started Trigger resolvconf update for networkd DNS.
[[0;32m  OK  [0m] Started Trigger resolvconf update for networkd DNS.
[   25.362758] systemd[1]: Reached target System Time Synchronized.
[[0;32m  OK  [0m] Reached target System Time Synchronized.
[   25.570230] systemd[1]: Started Forward Password Requests to Wall Directory Watch.
[[0;32m  OK  [0m] Started Forward Password Requests to Wall Directory Watch.
[   25.754294] systemd[1]: Listening on LVM2 metadata daemon socket.
[[0;32m  OK  [0m] Listening on LVM2 metadata daemon socket.
[   25.789612] systemd[1]: Listening on udev Control Socket.
[[0;32m  OK  [0m] Listening on udev Control Socket.
[   25.822495] systemd[1]: Reached target Swap.
[[0;32m  OK  [0m] Reached target Swap.
[   25.855961] systemd[1]: Set up automount Arbitrary Executable File Formats File System Automount Point.
[[0;32m  OK  [0m] Set up automount Arbitrary Executab...ats File System Automount Point.
[   26.023151] systemd[1]: Created slice System Slice.
[[0;32m  OK  [0m] Created slice System Slice.
[   26.259364] systemd[1]: Created slice system-serial\x2dgetty.slice.
[[0;32m  OK  [0m] Created slice system-serial\x2dgetty.slice.
[   26.359854] systemd[1]: Listening on udev Kernel Socket.
[[0;32m  OK  [0m] Listening on udev Kernel Socket.
[   26.530570] systemd[1]: Listening on Device-mapper event daemon FIFOs.
[[0;32m  OK  [0m] Listening on Device-mapper event daemon FIFOs.
[   26.691040] systemd[1]: Listening on /dev/initctl Compatibility Named Pipe.
[[0;32m  OK  [0m] Listening on /dev/initctl Compatibility Named Pipe.
[   26.851674] systemd[1]: Listening on Syslog Socket.
[[0;32m  OK  [0m] Listening on Syslog Socket.
[   26.903164] systemd[1]: Created slice User and Session Slice.
[[0;32m  OK  [0m] Created slice User and Session Slice.
[   26.953669] systemd[1]: Reached target Slices.
[[0;32m  OK  [0m] Reached target Slices.
[   26.997687] systemd[1]: Reached target User and Group Name Lookups.
[[0;32m  OK  [0m] Reached target User and Group Name Lookups.
[   27.054310] systemd[1]: Listening on Journal Socket (/dev/log).
[[0;32m  OK  [0m] Listening on Journal Socket (/dev/log).
[   27.270017] systemd[1]: Reached target Encrypted Volumes.
[[0;32m  OK  [0m] Reached target Encrypted Volumes.
[   27.418253] systemd[1]: Listening on Journal Socket.
[[0;32m  OK  [0m] Listening on Journal Socket.
[   27.606508] systemd[1]: Starting Set console keymap...
[   27.611391] random: nonblocking pool is initialized
         Starting Set console keymap...
[   27.817700] systemd[1]: Mounting Debug File System...
         Mounting Debug File System...
[   27.930723] systemd[1]: Starting Uncomplicated firewall...
         Starting Uncomplicated firewall...
[   28.057844] systemd[1]: Starting Remount Root and Kernel File Systems...
[   28.066289] EXT4-fs (sda1): re-mounted. Opts: (null)
         Starting Remount Root and Kernel File Systems...
[   28.142095] systemd[1]: Starting Journal Service...
         Starting Journal Service...
[   28.205963] systemd[1]: Mounting Huge Pages File System...
         Mounting Huge Pages File System...
[   28.310697] systemd[1]: Starting Monitoring of LVM2 mirrors, snapshots etc. using dmeventd or progress polling...
         Starting Monitoring of LVM2 mirrors... dmeventd or progress polling...
[   28.561996] systemd[1]: Starting Create list of required static device nodes for the current kernel...
         Starting Create list of required st... nodes for the current kernel...
[   28.710509] systemd[1]: Mounting POSIX Message Queue File System...
         Mounting POSIX Message Queue File System...
[   28.850695] systemd[1]: Starting Load Kernel Modules...
[   28.874351] Loading iSCSI transport class v2.0-870.
         Startin[   28.994401] iscsi: registered transport (tcp)
g Load Kernel Modules...
[   29.077760] systemd[1]: Starting Nameserver information manager...
         Startin[   29.127527] iscsi: registered transport (iser)
g Nameserver information manager...
[   29.222860] systemd[1]: Listening on LVM2 poll daemon socket.
[[0;32m  OK  [0m] Listening on LVM2 poll daemon socket.
[   29.266721] systemd[1]: Mounted Huge Pages File System.
[[0;32m  OK  [0m] Mounted Huge Pages File System.
[   29.329796] systemd[1]: Mounted Debug File System.
[[0;32m  OK  [0m] Mounted Debug File System.
[   29.378438] systemd[1]: Mounted POSIX Message Queue File System.
[[0;32m  OK  [0m] Mounted POSIX Message Queue File System.
[   29.494533] systemd[1]: Started Journal Service.
[[0;32m  OK  [0m] Started Journal Service.
[[0;32m  OK  [0m] Started Set console keymap.
[[0;32m  OK  [0m] Started Uncomplicated firewall.
[[0;32m  OK  [0m] Started Remount Root and Kernel File Systems.
[[0;32m  OK  [0m] Started Create list of required sta...ce nodes for the current kernel.
[[0;32m  OK  [0m] Started Load Kernel Modules.
[[0;32m  OK  [0m] Started Nameserver information manager.
[[0;32m  OK  [0m] Started LVM2 metadata daemon.
         Starting Apply Kernel Variables...
         Mounting FUSE Control File System...
         Starting Create Static Device Nodes in /dev...
         Starting Load/Save Random Seed...
         Starting udev Coldplug all Devices...
         Starting Flush Journal to Persistent Storage...
[[0;32m  OK  [0m] Mounted FUSE Control File System.
[[0;32m  OK  [0m] Started Apply Kernel Variables.
[[0;32m  OK  [0m] Started Create Static Device Nodes in /dev.
[[0;32m  OK  [0m] Started Load/Save Random Seed.
[[0;32m  OK  [0m] Started Monitoring of LVM2 mirrors,...ng dmeventd or progress polling.
[[0;32m  OK  [0m] Started udev Coldplug all Devices.
[[0;32m  OK  [0m] Started Flush Journal to Persistent Storage.
         Starting udev Kernel Device Manager...
[[0;32m  OK  [0m] Reached target Local File Systems (Pre).
[[0;32m  OK  [0m] Reached target Local File Systems.
         Starting Initial cloud-init job (pre-networking)...
         Starting LSB: AppArmor initialization...
         Starting Commit a transient machine-id on disk...
         Starting Set console font and keymap...
         Starting Tell Plymouth To Write Out Runtime Data...
         Starting Create Volatile Files and Directories...
[[0;32m  OK  [0m] Started udev Kernel Device Manager.
[[0;32m  OK  [0m] Started Commit a transient machine-id on disk.
[[0;32m  OK  [0m] Started Tell Plymouth To Write Out Runtime Data.
[[0;32m  OK  [0m] Started Create Volatile Files and Directories.
[[0;32m  OK  [0m] Found device /dev/ttyS0.
[[0;32m  OK  [0m] Listening on Load/Save RF Kill Switch Status /dev/rfkill Watch.
         Starting Update UTMP about System Boot/Shutdown...
[[0;32m  OK  [0m] Started Dispatch Password Requests to Console Directory Watch.
[[0;32m  OK  [0m] Started Update UTMP about System Boot/Shutdown.
[   20.651540] cloud-init[480]: Cloud-init v. 19.1-1-gbaa47854-0ubuntu1~16.04.1 running 'init-local' at Thu, 15 Aug 2019 15:05:01 +0000. Up 19.86 seconds.
[[0;32m  OK  [0m] Started Initial cloud-init job (pre-networking).
[[0;32m  OK  [0m] Reached target Network (Pre).
[[0;32m  OK  [0m] Started Set console font and keymap.
[[0;32m  OK  [0m] Created slice system-getty.slice.
[[0;32m  OK  [0m] Started LSB: AppArmor initialization.
         Starting Raise network interfaces...
[[0;32m  OK  [0m] Started Raise network interfaces.
[[0;32m  OK  [0m] Reached target Network.
         Starting Initial cloud-init job (metadata service crawler)...
[   23.248257] cloud-init[955]: Cloud-init v. 19.1-1-gbaa47854-0ubuntu1~16.04.1 running 'init' at Thu, 15 Aug 2019 15:05:03 +0000. Up 22.59 seconds.
[   23.408651] cloud-init[955]: ci-info: ++++++++++++++++++++++++++++++++++++++Net device info+++++++++++++++++++++++++++++++++++++++
[   23.409171] cloud-init[955]: ci-info: +--------+-------+----------------------------+---------------+--------+-------------------+
[[0;32m  OK  [0m] Started Initial cloud-init job (metadata service crawler).
[   23.409349] cloud-init[955]: ci-info: | Device |   Up  |          Address           |      Mask     | Scope  |     Hw-Address    |
[   23.912828] cloud-init[955]: ci-info: +--------+-------+----------------------------+---------------+--------+-------------------+
[   23.913427] cloud-init[955]: ci-info: | enp0s3 |  True |         10.0.2.15          | 255.255.255.0 | global | 02:f8:81:3a:50:13 |
[[0;32m  OK  [0m] Reached target Network is Online.
[   23.913616] cloud-init[955]: ci-info: | enp0s3 |  True | fe80::f8:81ff:fe3a:5013/64 |       .       |  link  | 02:f8:81:3a:50:13 |
[   24.369389] cloud-init[955]: ci-info: | enp0s8 | False |             .              |       .       |   .    | 08:00:27:f3:aa:bc |
[   24.370552] cloud-init[955]: ci-info: |   lo   |  True |         127.0.0.1          |   255.0.0.0   |  host  |         .         |
         Starting iSCSI initiator daemon (iscsid)...
[[   24.371151] cloud-init[955]: ci-info: |   lo   |  True |          ::1/128           |       .       |  host  |         .         |
[   24.566666] cloud-init[955]: ci-info: +--------+-------+----------------------------+---------------+--------+-------------------+
[0;32m  OK  [0m] Reached target Cloud-config availability.
[   24.567002] cloud-init[955]: ci-info: +++++++++++++++++++++++++++Route IPv4 info++++++++++++++++++++++++++++
[   24.851010] cloud-init[955]: ci-info: +-------+-------------+----------+---------------+-----------+-------+
[[0;32m  OK  [0m] Reached target System Initialization.
[   24.851480] cloud-init[955]: ci-info: | Route | Destination | Gateway  |    Genmask    | Interface | Flags |
[   25.215380] cloud-init[955]: ci-info: +-------+-------------+----------+---------------+-----------+-------+
[[0;32m  OK  [0m] Listening on D-Bus System Message Bus Socket.
[   25.216791] cloud-init[955]: ci-info: |   0   |   0.0.0.0   | 10.0.2.2 |    0.0.0.0    |   enp0s3  |   UG  |
[   25.550461] cloud-init[955]: ci-info: |   1   |   10.0.2.0  | 0.0.0.0  | 255.255.255.0 |   enp0s3  |   U   |
[   25.550901] cloud-init[955]: ci-info: +-------+-------------+----------+---------------+-----------+-------+
[[0;32m  OK  [0m] Started ACPI Events Check.
[   25.551092] cloud-init[955]: ci-info: +++++++++++++++++++Route IPv6 info+++++++++++++++++++
[   25.755317] cloud-init[955]: ci-info: +-------+-------------+---------+-----------+-------+
[[0;32m  OK  [0m] Reached target Paths.
[   25.755525] cloud-init[955]: ci-info: | Route | Destination | Gateway | Interface | Flags |
[   26.090760] cloud-init[955]: ci-info: +-------+-------------+---------+-----------+-------+
[   26.093457] cloud-init[955]: ci-info: |   0   |  fe80::/64  |    ::   |   enp0s3  |   U   |
         Starting LXD - unix socket.
[   26.095179] cloud-init[955]: ci-info: |   3   |   ff00::/8  |    ::   |   enp0s3  |   U   |
[   26.286745] cloud-init[955]: ci-info: +-------+-------------+---------+-----------+-------+
[[0;32m  OK  [0m] Listening on UUID daemon activation socket.
[   26.287854] cloud-init[955]: Generating public/private rsa key pair.
[   26.597823] cloud-init[955]: Your identification has been saved in /etc/ssh/ssh_host_rsa_key.
[   26.599131] cloud-init[955]: Your public key has been saved in /etc/ssh/ssh_host_rsa_key.pub.
         Starting Socket activation for snappy daemon.
[   26.599866] cloud-init[955]: The key fingerprint is:
[   26.790882] cloud-init[955]: SHA256:CnBX1Iiep+uwz4p06bRtpstwIEdoPJO+UjrU/kV6W3k root@ubuntu-xenial
[[0;32m  OK  [0m] Started Daily Cleanup of Temporary Directories.
[   26.791417] cloud-init[955]: The key's randomart image is:
[   26.881339] cloud-init[955]: +---[RSA 2048]----+
[[0;32m  OK  [0m] Started Daily apt download activities.
[   26.881484] cloud-init[955]: |       ooo       |
[   27.074994] cloud-init[955]: |...   ... .      |
[[0;32m  OK  [0m] Started Daily apt upgrade and clean activities.
[   27.076248] cloud-init[955]: |.*o ....         |
[   27.255285] cloud-init[955]: |o.+o .o .        |
[[0;32m  OK  [0m] Reached target Timers.
[   27.255914] cloud-init[955]: |.o+..  +S        |
[   27.418926] cloud-init[955]: |.=o. o+.  .      |
[[0;32m  OK  [0m] Listening on ACPID Listen Socket.
[   27.419512] cloud-init[955]: |+.o.*..+ o E     |
[   27.585626] cloud-init[955]: |.o O.** o .      |
[   27.586196] cloud-init[955]: |  . OX=.         |
[[0;32m  OK  [0m] Listening on LXD - unix socket.
[   27.586530] cloud-init[955]: +----[SHA256]-----+
[[0;32m  OK  [0m] Listening on Socket activation for snappy daemon.
[   27.697903] cloud-init[955]: Generating public/private dsa key pair.
[   27.805219] cloud-init[955]: Your identification has been saved in /etc/ssh/ssh_host_dsa_key.
[[0;32m  OK  [0m] Started iSCSI initiator daemon (iscsid).
[   27.805382] cloud-init[955]: Your public key has been saved in /etc/ssh/ssh_host_dsa_key.pub.
[   28.088276] cloud-init[955]: The key fingerprint is:
[   28.088740] cloud-init[955]: SHA256:6aT65MhVT/L6yjeq80QmPJvEMAsmKZakyJXararFamc root@ubuntu-xenial
         Starting Login to default iSCSI targets...
[   28.089013] cloud-init[955]: The key's randomart image is:
[   28.307083] cloud-init[955]: +---[DSA 1024]----+
[[0;32m  OK  [0m] Reached target Sockets.
[[   28.308354] cloud-init[955]: | . ..            |
[   28.433473] cloud-init[955]: |=.o.             |
[0;32m  OK  [0m] Reached target Basic System.
[   28.433823] cloud-init[955]: |*+= +            |
[   28.649032] cloud-init[955]: |o+ o B   .       |
[   28.700953] cloud-init[955]: |    o * S .      |
[   28.702253] cloud-init[955]: | . . . % =       |
         Starting Accounts Service...
[   28.703323] cloud-init[955]: |  +   * o o      |
[   28.834848] cloud-init[955]: | = E *.o .o      |
[   28.857010] cloud-init[955]: |= o +.++*=..     |
[   28.857820] cloud-init[955]: +----[SHA256]-----+
         Starting LSB: MD monitoring daemon...
[   28.858273] cloud-init[955]: Generating public/private ecdsa key pair.
[   29.053486] cloud-init[955]: Your identification has been saved in /etc/ssh/ssh_host_ecdsa_key.
[   29.054641] cloud-init[955]: Your public key has been saved in /etc/ssh/ssh_host_ecdsa_key.pub.
         Starting LSB: Record successful boot for GRUB...
[   29.055000] cloud-init[955]: The key fingerprint is:
[   29.196361] cloud-init[955]: SHA256:Kt4ERyNzYiM6GLtEBLOltP1eeFtjHbIi5Ke1f+sruWc root@ubuntu-xenial
[   29.196924] cloud-init[955]: The key's randomart image is:
         Starting System Logging Service...
[   29.197301] cloud-init[955]: +---[ECDSA 256]---+
[   29.385414] cloud-init[955]: |+o.              |
[   29.385785] cloud-init[955]: |o=o              |
[[0;32m  OK  [0m] Started FUSE filesystem for LXC.
[   29.385963] cloud-init[955]: |+o..*.+  . .     |
[   29.571403] cloud-init[955]: |o+ o+B..  + .    |
[   29.572012] cloud-init[955]: |=.  .=.*S= .     |
         Starting Login Service...
[   29.572220] cloud-init[955]: |.o  .oB.* .      |
[   29.680536] cloud-init[955]: |.   .ooo  .      |
[   29.681018] cloud-init[955]: |   . +  .o E     |
[[0;32m  OK  [0m] Started D-Bus System Message Bus.
[   29.681258] cloud-init[955]: |    . .  oB+o    |
         [   29.868411] Starting Snappy daemon...cloud-init
[955]: +----[SHA256]-----+
[   29.869330] cloud-init[955]: Generating public/private ed25519 key pair.
         Starting Virtualbox guest utils...
[   30.013279] cloud-init[955]: Your identification has been saved in /etc/ssh/ssh_host_ed25519_key.
[   30.083569] [cloud-init[0;32m  OK  [0m[955]: ] Your public key has been saved in /etc/ssh/ssh_host_ed25519_key.pub.Started Deferred execution scheduler.

[   30.084344] cloud-init[955]: The key fingerprint is:
[   30.173481] cloud-init[955]: SHA256:lHmiqjcU2qlxQLzjoAf20n95NeSububcbS/1DqyZrME root@ubuntu-xenial
[   30.242352] [cloud-init[0;32m  OK  [0m[955]: ] The key's randomart image is:Started Regular background program processing daemon.

[   30.243317] cloud-init[955]: +--[ED25519 256]--+
[   30.296623] cloud-init[955]: | .               |
[   30.297266] cloud-init[955]: |  o      o       |
         Starting LXD - container startup/shutdown...
[   30.297956] cloud-init[955]: | . .    = .      |
[   30.418795] cloud-init[955]: |o.+ .  o o .     |
[   30.480623] cloud-init[955]: |o+o= o. S o      |
[   30.481018] cloud-init[955]: |..=o=.   . + . . |
         Starting Pollinate to seed the pseudo random number generator...
[   30.481194] cloud-init[955]: | ..=o   . E . + .|
[   30.648779] cloud-init[955]: |  ..o. o.+.+.* ..|
[   30.649370] cloud-init[955]: |  .. .. *=oo*.oo.|
[[0;32m  OK  [0m] Started ACPI event daemon.
[   30.649502] cloud-init[955]: +----[SHA256]-----+
         Starting /etc/rc.local Compatibility...
[[0;32m  OK  [0m] Started System Logging Service.
[[0;32m  OK  [0m] Started Snappy daemon.
[[0;32m  OK  [0m] Started LXD - container startup/shutdown.
[[0;32m  OK  [0m] Started Pollinate to seed the pseudo random number generator.
[[0;32m  OK  [0m] Started /etc/rc.local Compatibility.
[[0;32m  OK  [0m] Started Login to default iSCSI targets.
[[0;32m  OK  [0m] Started LSB: MD monitoring daemon.
[[0;32m  OK  [0m] Started LSB: Record successful boot for GRUB.
[[0;32m  OK  [0m] Started Login Service.
[[0;32m  OK  [0m] Started Virtualbox guest utils.
[[0;32m  OK  [0m] Started Unattended Upgrades Shutdown.
         Starting Authenticate and Authorize Users to Run Privileged Tasks...
[[0;32m  OK  [0m] Reached target Remote File Systems (Pre).
[[0;32m  OK  [0m] Reached target Remote File Systems.
         Starting Permit User Sessions...
         Starting LSB: daemon to balance interrupts for SMP systems...
         Starting LSB: automatic crash report generation...
         Starting LSB: Set the CPU Frequency Scaling governor to "ondemand"...
         Starting OpenBSD Secure Shell server...
         Starting Wait until snapd is fully seeded...
[[0;32m  OK  [0m] Started Permit User Sessions.
[[0;32m  OK  [0m] Started Wait until snapd is fully seeded.
[[0;32m  OK  [0m] Started OpenBSD Secure Shell server.
[[0;32m  OK  [0m] Started Authenticate and Authorize Users to Run Privileged Tasks.
[[0;32m  OK  [0m] Started Accounts Service.
[[0;32m  OK  [0m] Started LSB: daemon to balance interrupts for SMP systems.
[[0;32m  OK  [0m] Started LSB: automatic crash report generation.
[[0;32m  OK  [0m] Started LSB: Set the CPU Frequency Scaling governor to "ondemand".
[[0;32m  OK  [0m] Created slice User Slice of vagrant.
[[0;32m  OK  [0m] Started Session 1 of user vagrant.
         Starting User Manager for UID 1000...
         Starting Apply the settings specified in cloud-config...
         Starting Terminate Plymouth Boot Screen...
         Starting Hold until boot process finishes up...
[[0;32m  OK  [0m] Started User Manager for UID 1000.
[[0;32m  OK  [0m] Started Terminate Plymouth Boot Screen.
[[0;32m  OK  [0m] Started Hold until boot process finishes up.
[[0;32m  OK  [0m] Started Serial Getty on ttyS0.
[[0;32m  OK  [0m] Started Getty on tty1.
[[0;32m  OK  [0m] Reached target Login Prompts.
         Starting Set console scheme...
[[0;32m  OK  [0m] Reached target Multi-User System.
[[0;32m  OK  [0m] Reached target Graphical Interface.
         Starting Update UTMP about System Runlevel Changes...
[   33.294056] cloud-init[1294]: Generating locales (this might take a while)...
[[0;32m  OK  [0m] Started Set console scheme.
[[0;32m  OK  [0m] Started Update UTMP about System Runlevel Changes.
[   35.794768] cloud-init[1294]:   en_US.UTF-8... done
[   35.845719] cloud-init[1294]: Generation complete.
[   36.352012] cloud-init[1294]: Cloud-init v. 19.1-1-gbaa47854-0ubuntu1~16.04.1 running 'modules:config' at Thu, 15 Aug 2019 15:05:14 +0000. Up 33.12 seconds.
[[0;32m  OK  [0m] Started Apply the settings specified in cloud-config.
         Starting Execute cloud user/final scripts...
ci-info: no authorized ssh keys fingerprints found for user ubuntu.
<14>Aug 15 15:05:18 ec2: 
<14>Aug 15 15:05:18 ec2: #############################################################
<14>Aug 15 15:05:18 ec2: -----BEGIN SSH HOST KEY FINGERPRINTS-----
<14>Aug 15 15:05:18 ec2: 1024 SHA256:6aT65MhVT/L6yjeq80QmPJvEMAsmKZakyJXararFamc root@ubuntu-xenial (DSA)
<14>Aug 15 15:05:18 ec2: 256 SHA256:Kt4ERyNzYiM6GLtEBLOltP1eeFtjHbIi5Ke1f+sruWc root@ubuntu-xenial (ECDSA)
<14>Aug 15 15:05:18 ec2: 256 SHA256:lHmiqjcU2qlxQLzjoAf20n95NeSububcbS/1DqyZrME root@ubuntu-xenial (ED25519)
<14>Aug 15 15:05:18 ec2: 2048 SHA256:CnBX1Iiep+uwz4p06bRtpstwIEdoPJO+UjrU/kV6W3k root@ubuntu-xenial (RSA)
<14>Aug 15 15:05:18 ec2: -----END SSH HOST KEY FINGERPRINTS-----
<14>Aug 15 15:05:18 ec2: #############################################################
-----BEGIN SSH HOST KEY KEYS-----
ecdsa-sha2-nistp256 AAAAE2VjZHNhLXNoYTItbmlzdHAyNTYAAAAIbmlzdHAyNTYAAABBBBSEJekQ3WgpteQ0ymC2xygvuL1HvQzN8ocy6pPxtHEFwb+ccfw5P6lufDwvc4ZeR86gcjnJEKqSpuvC6EpCsuc= root@ubuntu-xenial
ssh-ed25519 AAAAC3NzaC1lZDI1NTE5AAAAINJh/Zz6LNHBbfHjaLn49Eqn26DBkr3EcZqfZPh71Y2Y root@ubuntu-xenial
ssh-rsa AAAAB3NzaC1yc2EAAAADAQABAAABAQC9cwYGwqHCJrDFil8warjZtJPrfrKV5o6kx49Jmqo1uxKCrxSYJZUttH0NL29C3+CPhC6FyYzRJl44jrpdrAY2KGU+ifqou3+Hf9/QBa5oGAWE87+26eB6T1P8J53hma0gtQmL61ouh2zJU99b3C9OieyIzknT+RZOT5sKPCZWc/6icbfVL0tpi0vjAvz0mpCTkA1eDX0BPnYc5MsqVNxCFsW6f5QohBi/40fIewfg2z26FlhYil1zBsjg2CSgnytzmn61mb01dFkkLzz/gUvnmPM+AO1sIqa16MK0WT8QgqwHcsd1+BvY5y1zXMMwghok63mUGlghJ/2kG39fofkZ root@ubuntu-xenial
-----END SSH HOST KEY KEYS-----
[   37.520920] cloud-init[1478]: Cloud-init v. 19.1-1-gbaa47854-0ubuntu1~16.04.1 running 'modules:final' at Thu, 15 Aug 2019 15:05:18 +0000. Up 37.07 seconds.
[   37.569945] cloud-init[1478]: ci-info: no authorized ssh keys fingerprints found for user ubuntu.
[   37.628596] cloud-init[1478]: Cloud-init v. 19.1-1-gbaa47854-0ubuntu1~16.04.1 finished at Thu, 15 Aug 2019 15:05:18 +0000. Datasource DataSourceNoCloud [seed=/dev/sdb][dsmode=net].  Up 37.50 seconds
[[0;32m  OK  [0m] Started Execute cloud user/final scripts.
[[0;32m  OK  [0m] Reached target Cloud-init target.

Ubuntu 16.04.6 LTS ubuntu-xenial ttyS0

ubuntu-xenial login: 